Arguments: 
  /Users/charleschung/Dev/reactenv/react/bin/node /Users/charleschung/Dev/reactenv/react/bin/yarn add react-navigation-material-bottom-tabs react-native-paper

PATH: 
  /Users/charleschung/Dev/reactenv/react/lib/node_modules/.bin:/Users/charleschung/Dev/reactenv/react/bin:/Users/charleschung/Dev/reactenv/bin:/Library/Frameworks/Python.framework/Versions/3.7/bin:/Users/charleschung/Library/Android/sdk/platform-tools:/Library/Frameworks/Python.framework/Versions/3.6/bin:/usr/local/bin:/usr/bin:/bin:/usr/sbin:/sbin:/Users/charleschung/Library/Android/sdk/platform-tools:/Users/charleschung/Library/Android/sdk/tools:/usr/local/share/dotnet:~/.dotnet/tools:/Library/Frameworks/Mono.framework/Versions/Current/Commands:/Applications/Postgres.app/Contents/Versions/latest/bin:/Library/Android/sdk/platform-tools:Library/Android/sdk/tools

Yarn version: 
  1.17.3

Node version: 
  12.4.0

Platform: 
  darwin x64

Trace: 
  Error: EACCES: permission denied, unlink '/Users/charleschung/Dev/reactenv/test/Handl/node_modules/dijkstrajs/.npmignore'

npm manifest: 
  {
    "main": "node_modules/expo/AppEntry.js",
    "scripts": {
      "start": "expo start",
      "android": "expo start --android",
      "ios": "expo start --ios",
      "web": "expo start --web",
      "eject": "expo eject"
    },
    "dependencies": {
      "expo": "^34.0.1",
      "firebase": "^6.5.0",
      "react": "16.8.3",
      "react-dom": "^16.8.6",
      "react-native": "https://github.com/expo/react-native/archive/sdk-34.0.0.tar.gz",
      "react-native-card-stack-swiper": "^1.1.0",
      "react-native-gesture-handler": "^1.3.0",
      "react-native-infinite-looping-scroll": "0.0.4",
      "react-native-linear-gradient": "^2.5.6",
      "react-native-qrcode": "^0.2.7",
      "react-native-qrcode-svg": "^5.2.0",
      "react-native-reanimated": "^1.1.0",
      "react-native-snap-carousel": "^3.8.2",
      "react-native-svg": "^9.11.1",
      "react-native-swiper": "^1.5.14",
      "react-native-web": "^0.11.4",
      "react-navigation": "^4.0.0"
    },
    "devDependencies": {
      "babel-preset-expo": "^6.0.0"
    },
    "private": true
  }

yarn manifest: 
  No manifest

Lockfile: 
  No lockfile
